<?xml version="1.0" encoding="UTF-8"?>
<!-- Generated by org.testng.reporters.JUnitReportReporter -->
<testsuite skipped="0" hostname="MININT-BKP9RNA" name="com.test.LoadTest01" tests="1" failures="0" timestamp="2020-05-21T21:49:58 IST" time="2.282" errors="0">
  <testcase name="verifySearchButton" time="2.282" classname="com.test.LoadTest01"/>
</testsuite> <!-- com.test.LoadTest01 -->
